C:\USERS\ADMINISTRATOR\DESKTOP\LBSWINPART\NEW\DEBUG\NEW.EXE
C:\USERS\ADMINISTRATOR\DESKTOP\LBSWINPART\NEW\DEBUG\NEW.EXE.MANIFEST
C:\USERS\ADMINISTRATOR\DESKTOP\LBSWINPART\NEW\DEBUG\NEW.ILK
C:\USERS\ADMINISTRATOR\DESKTOP\LBSWINPART\NEW\DEBUG\NEW.PDB
C:\USERS\ADMINISTRATOR\DESKTOP\LBSWINPART\NEW\NEW\DEBUG\BARAGE.OBJ
C:\USERS\ADMINISTRATOR\DESKTOP\LBSWINPART\NEW\NEW\DEBUG\BUNIT.OBJ
C:\Users\Administrator\Desktop\lbswinpart\new\new\Debug\cl.command.1.tlog
C:\Users\Administrator\Desktop\lbswinpart\new\new\Debug\CL.read.1.tlog
C:\Users\Administrator\Desktop\lbswinpart\new\new\Debug\CL.write.1.tlog
C:\Users\Administrator\Desktop\lbswinpart\new\new\Debug\link.command.1.tlog
C:\Users\Administrator\Desktop\lbswinpart\new\new\Debug\link.read.1.tlog
C:\Users\Administrator\Desktop\lbswinpart\new\new\Debug\link.write.1.tlog
C:\Users\Administrator\Desktop\lbswinpart\new\new\Debug\link-cvtres.read.1.tlog
C:\Users\Administrator\Desktop\lbswinpart\new\new\Debug\link-cvtres.write.1.tlog
C:\USERS\ADMINISTRATOR\DESKTOP\LBSWINPART\NEW\NEW\DEBUG\MAIN.OBJ
C:\Users\Administrator\Desktop\lbswinpart\new\new\Debug\mt.command.1.tlog
C:\Users\Administrator\Desktop\lbswinpart\new\new\Debug\mt.read.1.tlog
C:\Users\Administrator\Desktop\lbswinpart\new\new\Debug\mt.write.1.tlog
C:\USERS\ADMINISTRATOR\DESKTOP\LBSWINPART\NEW\NEW\DEBUG\NEW.EXE.INTERMEDIATE.MANIFEST
C:\Users\Administrator\Desktop\lbswinpart\new\new\Debug\new.vcxprojResolveAssemblyReference.cache
C:\Users\Administrator\Desktop\lbswinpart\new\new\Debug\new.write.1.tlog
C:\Users\Administrator\Desktop\lbswinpart\new\new\Debug\rc.command.1.tlog
C:\Users\Administrator\Desktop\lbswinpart\new\new\Debug\rc.read.1.tlog
C:\Users\Administrator\Desktop\lbswinpart\new\new\Debug\rc.write.1.tlog
C:\USERS\ADMINISTRATOR\DESKTOP\LBSWINPART\NEW\NEW\DEBUG\RESOURCE.RES
C:\Users\Administrator\Desktop\lbswinpart\new\new\Debug\vc100.idb
C:\USERS\ADMINISTRATOR\DESKTOP\LBSWINPART\NEW\NEW\DEBUG\VC100.PDB
